advancedml/proguard-rules.pro
#
# This ProGuard configuration file illustrates how to process a program
# library, such that it remains usable as a library.
# Usage:
#     java -jar proguard.jar @library.pro
#

# Save the obfuscation mapping to a file, so we can de-obfuscate any stack
# traces later on. Keep a fixed source file attribute and all line number
# tables to get line numbers in the stack traces.
# You can comment this out if you're not interested in stack traces.

-printmapping out.map
-keepparameternames
-renamesourcefileattribute SourceFile
-keepattributes Exceptions,InnerClasses,Signature,Deprecated,
                SourceFile,LineNumberTable,EnclosingMethod

# Preserve all annotations.

-keepattributes *Annotation*

# Preserve all public classes, and their public and protected fields and
# methods.

-keep public class * {
    public protected *;
}

# Preserve all native method names and the names of their classes.

-keepclasseswithmembernames class * {
    native <methods>;
}



-dontwarn java.lang.invoke.StringConcatFactory