advancedml/build/outputs/mapping/release/seeds.txt
com.kotlinnlp.simplednn.core.functionalities.losses.MSECalculator
com.kotlinnlp.simplednn.core.neuralprocessor.embeddingsprocessor.EmbeddingsProcessorWithContext
com.kotlinnlp.simplednn.core.layers.models.LinearParams
com.kotlinnlp.simplednn.core.layers.models.merge.concatff.ConcatFFLayerParameters
com.kotlinnlp.simplednn.core.optimizer.ParamsErrorsAccumulator$AccumulatedParamsErrors$Companion
com.kotlinnlp.simplednn.core.arrays.AugmentedArray$Companion
com.kotlinnlp.simplednn.core.functionalities.gradientclipping.GradientClipping
com.kotlinnlp.simplednn.deeplearning.multitasknetwork.MultiTaskNetworkConfig
com.kotlinnlp.simplednn.core.layers.models.feedforward.simple.FeedforwardLayerParameters$Companion
com.kotlinnlp.simplednn.core.functionalities.activations.ActivationFunction$Companion
com.kotlinnlp.simplednn.core.functionalities.gradientclipping.GradientClipping$byValue
com.kotlinnlp.simplednn.core.layers.models.recurrent.RecurrentLinearParams
com.kotlinnlp.simplednn.core.layers.models.feedforward.norm.NormLayerParameters$Companion
com.kotlinnlp.simplednn.core.functionalities.activations.Softplus$Companion
com.kotlinnlp.simplednn.core.functionalities.randomgenerators.FixedRangeRandom
com.kotlinnlp.simplednn.core.layers.models.recurrent.simple.SimpleRecurrentLayer
com.kotlinnlp.simplednn.simplemath.ndarray.sparse.SparseNDArray$Companion
com.kotlinnlp.simplednn.core.layers.models.merge.sub.SubLayerParameters$Companion
com.kotlinnlp.simplednn.core.layers.models.merge.affine.AffineLayerParameters$Companion
com.kotlinnlp.simplednn.core.layers.LayerFactory$WhenMappings
com.kotlinnlp.simplednn.core.layers.models.recurrent.gru.GRULayer
com.kotlinnlp.simplednn.core.layers.models.attention.attentionmechanism.AttentionMechanismLayerParameters$Companion
com.kotlinnlp.simplednn.simplemath.ndarray.sparsebinary.SparseBinaryNDArray$Companion
com.kotlinnlp.simplednn.core.functionalities.regularization.L2Regularization
com.kotlinnlp.simplednn.helpers.Statistics$special$$inlined$observable$1
com.kotlinnlp.simplednn.core.layers.models.merge.affine.AffineForwardHelper
com.kotlinnlp.simplednn.core.layers.models.feedforward.highway.HighwayLayerParameters
com.kotlinnlp.simplednn.core.functionalities.activations.ActivationFunction$DefaultImpls
com.kotlinnlp.simplednn.R
com.kotlinnlp.simplednn.core.layers.RecurrentStackedLayers
com.kotlinnlp.simplednn.core.layers.models.feedforward.highway.HighwayLayer
com.kotlinnlp.simplednn.core.functionalities.activations.Softshrink$Companion
com.kotlinnlp.simplednn.core.layers.models.feedforward.squareddistance.SquaredDistanceLayerParameters
com.kotlinnlp.simplednn.core.layers.models.merge.concat.ConcatForwardHelper
com.kotlinnlp.simplednn.core.layers.models.merge.concatff.ConcatFFLayer
com.kotlinnlp.simplednn.core.functionalities.updatemethods.rmsprop.RMSPropStructure
com.kotlinnlp.simplednn.deeplearning.birnn.BiRNNConfig
com.kotlinnlp.simplednn.core.layers.models.recurrent.cfn.CFNLayerParameters$Companion
com.kotlinnlp.simplednn.core.layers.models.feedforward.squareddistance.SquaredDistanceBackwardHelper
com.kotlinnlp.simplednn.core.layers.models.merge.distance.DistanceBackwardHelper
com.kotlinnlp.simplednn.core.layers.models.merge.affine.AffineBackwardHelper
com.kotlinnlp.simplednn.core.layers.models.attention.attentionmechanism.AttentionMechanismBackwardHelper
com.kotlinnlp.simplednn.core.layers.models.recurrent.GatedRecurrentLayer
com.kotlinnlp.simplednn.core.neuralprocessor.batchfeedforward.MultiBatchFeedforwardProcessor
com.kotlinnlp.simplednn.core.functionalities.initializers.RandomInitializer$Companion
com.kotlinnlp.simplednn.core.embeddings.LernaEmbeddingsMap$Companion
com.kotlinnlp.simplednn.core.functionalities.activations.Softsign
com.kotlinnlp.simplednn.core.layers.helpers.RelevanceUtils
com.kotlinnlp.simplednn.core.functionalities.activations.Tanh
com.kotlinnlp.simplednn.core.functionalities.updatemethods.UpdateMethodConfig$RADAMConfig
...
com.kotlinnlp.utils.DictionarySet$getElementsSortedSet$$inlined$sortedBy$1
com.kotlinnlp.utils.DictionarySet$Factory
com.kotlinnlp.utils.stats.MetricCounter
com.kotlinnlp.utils.BaseExtensionsKt
com.kotlinnlp.utils.ItemsPool
com.kotlinnlp.utils.Timer
com.kotlinnlp.utils.ItemsPool$IDItem
com.kotlinnlp.utils.DictionarySet
com.kotlinnlp.utils.ShuffledIndices
com.kotlinnlp.utils.DictionarySet$getElementsReversedSet$$inlined$sortedByDescending$1
com.kotlinnlp.utils.HashBiMap$Companion
com.kotlinnlp.utils.AbstractBiMap$inverse$2$1
com.kotlinnlp.utils.AbstractBiMap
com.kotlinnlp.utils.WordPieceTokenizer
com.kotlinnlp.utils.Shuffler
com.kotlinnlp.utils.BiMap
com.kotlinnlp.utils.Regex
com.kotlinnlp.utils.MutableBiMap
com.kotlinnlp.utils.HashBiMap
com.kotlinnlp.utils.DictionarySet: com.kotlinnlp.utils.DictionarySet$Factory Factory
com.kotlinnlp.utils.HashBiMap: com.kotlinnlp.utils.HashBiMap$Companion Companion
com.kotlinnlp.utils.Regex: com.kotlinnlp.utils.Regex INSTANCE
com.kotlinnlp.utils.ItemsPool: void releaseItem(com.kotlinnlp.utils.ItemsPool$IDItem)
com.kotlinnlp.utils.stats.MetricCounter: int getFalseNeg()
com.kotlinnlp.utils.HashBiMap$Companion: HashBiMap$Companion(kotlin.jvm.internal.DefaultConstructorMarker)
com.kotlinnlp.utils.DictionarySet$getElementsReversedSet$$inlined$sortedByDescending$1: DictionarySet$getElementsReversedSet$$inlined$sortedByDescending$1(com.kotlinnlp.utils.DictionarySet)
com.kotlinnlp.utils.DictionarySet$getElementsSortedSet$$inlined$sortedBy$1: int compare(java.lang.Object,java.lang.Object)
com.kotlinnlp.utils.AbstractBiMap: java.util.Collection values()
com.kotlinnlp.utils.Timer: java.lang.String formatElapsedTime()
com.kotlinnlp.utils.DictionarySet$Factory: com.kotlinnlp.utils.DictionarySet invoke(java.util.List)
com.kotlinnlp.utils.DictionarySet: int getCount(java.lang.Object)
com.kotlinnlp.utils.BaseExtensionsKt: java.util.List concat(java.util.List,java.util.List)
com.kotlinnlp.utils.ShuffledIndices: int[] access$getIndices$p(com.kotlinnlp.utils.ShuffledIndices)
com.kotlinnlp.utils.DictionarySet: java.util.Set getElementsReversedSet()
com.kotlinnlp.utils.stats.MetricCounter: int getRelevant()
com.kotlinnlp.utils.AbstractBiMap: int getSize()
com.kotlinnlp.utils.stats.MetricCounter: float getPrecision()
com.kotlinnlp.utils.WordPieceTokenizer: WordPieceTokenizer(com.kotlinnlp.utils.DictionarySet,java.lang.String,java.lang.String,int,kotlin.jvm.internal.DefaultConstructorMarker)
com.kotlinnlp.utils.BaseExtensionsKt: void forEachGroup(java.util.List,int,int,kotlin.jvm.functions.Function1)
com.kotlinnlp.utils.AbstractBiMap$inverse$2$1: java.util.Collection values()
com.kotlinnlp.utils.HashBiMap: HashBiMap()
com.kotlinnlp.utils.ShuffledIndices: ShuffledIndices(int,com.kotlinnlp.utils.Shuffler,int,kotlin.jvm.internal.DefaultConstructorMarker)
com.kotlinnlp.utils.Timer: long getElapsedMillis()
com.kotlinnlp.utils.AbstractBiMap$inverse$2$1: com.kotlinnlp.utils.BiMap getInverse()
com.kotlinnlp.utils.WordPieceTokenizer: java.lang.String getUnknownToken()
com.kotlinnlp.utils.stats.MetricCounter: void setTruePos(int)
com.kotlinnlp.utils.BiMap: com.kotlinnlp.utils.BiMap getInverse()
com.kotlinnlp.utils.HashBiMap: HashBiMap(int,int,kotlin.jvm.internal.DefaultConstructorMarker)
com.kotlinnlp.utils.DictionarySet$getElementsSortedSet$$inlined$sortedBy$1: DictionarySet$getElementsSortedSet$$inlined$sortedBy$1(com.kotlinnlp.utils.DictionarySet)
com.kotlinnlp.utils.AbstractBiMap: int size()
com.kotlinnlp.utils.ItemsPool: void releaseAll()
com.kotlinnlp.utils.DictionarySet: java.util.Set getElementsSortedSet()
com.kotlinnlp.utils.WordPieceTokenizer: java.util.List groupPieces(java.util.List)
com.kotlinnlp.utils.AbstractBiMap: AbstractBiMap(java.util.Map,java.util.Map)
com.kotlinnlp.utils.stats.MetricCounter: java.lang.String toString()
com.kotlinnlp.utils.DictionarySet: int getFrequency(int)
com.kotlinnlp.utils.AbstractBiMap: java.lang.Object put(java.lang.Object,java.lang.Object)