advancedml/build/outputs/mapping/release/usage.txt
com.kotlinnlp.simplednn.core.arrays.ParamsArray$Companion:
    private static synthetic void getSerialVersionUID$annotations()
com.kotlinnlp.simplednn.core.arrays.ParamsArray:
    private static final long serialVersionUID
com.kotlinnlp.simplednn.core.embeddings.EmbeddingsMap$$serializer:
    private final kotlinx.serialization.KSerializer getTypeSerial0()
com.kotlinnlp.simplednn.core.embeddings.EmbeddingsMap$Companion:
    private static synthetic void getSerialVersionUID$annotations()
com.kotlinnlp.simplednn.core.embeddings.EmbeddingsMap:
    private static final long serialVersionUID
    private static synthetic void getDropoutRandomGenerator$annotations()
com.kotlinnlp.simplednn.core.embeddings.LernaEmbeddingsMap$$serializer:
    private final kotlinx.serialization.KSerializer getTypeSerial0()
com.kotlinnlp.simplednn.core.embeddings.LernaEmbeddingsMap$Companion:
    private static synthetic void getSerialVersionUID$annotations()
com.kotlinnlp.simplednn.core.embeddings.LernaEmbeddingsMap:
    private static final long serialVersionUID
    private static synthetic void getDropoutRandomGenerator$annotations()
com.kotlinnlp.simplednn.core.functionalities.activations.ActivationFunction$Companion:
    private static final long serialVersionUID
    private static synthetic void getSerialVersionUID$annotations()
com.kotlinnlp.simplednn.core.functionalities.activations.CeLU$Companion:
    private static synthetic void getSerialVersionUID$annotations()
com.kotlinnlp.simplednn.core.functionalities.activations.CeLU:
    private static final long serialVersionUID
com.kotlinnlp.simplednn.core.functionalities.activations.ELU$Companion:
    private static synthetic void getSerialVersionUID$annotations()
com.kotlinnlp.simplednn.core.functionalities.activations.ELU:
    private static final long serialVersionUID
com.kotlinnlp.simplednn.core.functionalities.activations.GeLU:
    private static final long serialVersionUID
    private static synthetic void getSerialVersionUID$annotations()
com.kotlinnlp.simplednn.core.functionalities.activations.HardSigmoid:
    private static final long serialVersionUID
    private static synthetic void getSerialVersionUID$annotations()
com.kotlinnlp.simplednn.core.functionalities.activations.HardTanh:
    private static final long serialVersionUID
    private static synthetic void getSerialVersionUID$annotations()
com.kotlinnlp.simplednn.core.functionalities.activations.LeakyRELU$Companion:
    private static synthetic void getSerialVersionUID$annotations()
com.kotlinnlp.simplednn.core.functionalities.activations.LeakyRELU:
    private static final long serialVersionUID
com.kotlinnlp.simplednn.core.functionalities.activations.ReLU:
    private static final long serialVersionUID
    private static synthetic void getSerialVersionUID$annotations()
com.kotlinnlp.simplednn.core.functionalities.activations.ScalarActivationFunction$Companion:
    private static final long serialVersionUID
    private static synthetic void getSerialVersionUID$annotations()
com.kotlinnlp.simplednn.core.functionalities.activations.SeLU$Companion:
    private static synthetic void getSerialVersionUID$annotations()
com.kotlinnlp.simplednn.core.functionalities.activations.SeLU:
    private static final long serialVersionUID
com.kotlinnlp.simplednn.core.functionalities.activations.Sigmoid:
    private static final long serialVersionUID
    private static synthetic void getSerialVersionUID$annotations()
com.kotlinnlp.simplednn.core.functionalities.activations.Softmax$Companion:
    private static synthetic void getSerialVersionUID$annotations()
com.kotlinnlp.simplednn.core.functionalities.activations.Softmax:
    private static final long serialVersionUID
com.kotlinnlp.simplednn.core.functionalities.activations.SoftmaxBase$Companion:
    private static synthetic void getSerialVersionUID$annotations()
com.kotlinnlp.simplednn.core.functionalities.activations.SoftmaxBase:
    private static final long serialVersionUID
...
com.kotlinnlp.utils.DictionarySet$Factory:
    private static synthetic void getSerialVersionUID$annotations()
com.kotlinnlp.utils.DictionarySet:
    private static final long serialVersionUID
com.kotlinnlp.utils.AbstractBiMap$BiMapSet:
    public static int getSize()
com.kotlinnlp.utils.AbstractBiMap$entries$2$1:
    public static java.lang.Object invoke()
com.kotlinnlp.utils.AbstractBiMap$entries$2$2:
    public static java.util.Map$Entry invoke()
com.kotlinnlp.utils.AbstractBiMap$entries$2:
    public static com.kotlinnlp.utils.AbstractBiMap$BiMapSet invoke()
com.kotlinnlp.utils.AbstractBiMap$inverse$2:
    public static com.kotlinnlp.utils.AbstractBiMap$inverse$2$1 invoke()
com.kotlinnlp.utils.AbstractBiMap$keys$2:
    public static com.kotlinnlp.utils.AbstractBiMap$BiMapSet invoke()
com.kotlinnlp.utils.BaseExtensionsKt$forEachGroup$1:
    public static void invoke()
com.kotlinnlp.utils.ShuffledIndices$InnerIterator:
    public static java.lang.Integer next()
com.kotlinnlp.utils.Timer:
    private long startTime
com.kotlinnlp.utils.WordPieceTokenizer$basicTokenize$1:
    public static kotlin.sequences.Sequence invoke()
com.kotlinnlp.utils.WordPieceTokenizer$piecesToWords$1$1:
    public static java.lang.String invoke()
com.kotlinnlp.utils.WordPieceTokenizer$tokenize$1:
    public static kotlin.sequences.Sequence invoke()
com.kotlinnlp.utils.stats.MetricCounter$f1Score$1:
    public static java.lang.Float invoke()
com.kotlinnlp.utils.stats.MetricCounter$precision$1:
    public static java.lang.Float invoke()
com.kotlinnlp.utils.stats.MetricCounter$recall$1:
    public static java.lang.Float invoke()
com.kotlinnlp.utils.stats.MetricCounter:
    private static float ifNaN(float,kotlin.jvm.functions.Function0)